# JRE version: Java(TM) SE Runtime Environment (8.0_151-b12) (build 1.8.0_151-b12)
# Java VM: Java HotSpot(TM) 64-Bit Server VM (25.151-b12 mixed mode windows-amd64 compressed oops)
Heap:
 PSYoungGen      total 1315840K, used 9248K [0x000000076af80000, 0x00000007c0000000, 0x00000007c0000000)
  eden space 1240064K, 0% used [0x000000076af80000,0x000000076af80000,0x00000007b6a80000)
  from space 75776K, 12% used [0x00000007b6a80000,0x00000007b7388000,0x00000007bb480000)
  to   space 75776K, 0% used [0x00000007bb600000,0x00000007bb600000,0x00000007c0000000)
 ParOldGen       total 438784K, used 426571K [0x00000006c0e00000, 0x00000006dba80000, 0x000000076af80000)
  object space 438784K, 97% used [0x00000006c0e00000,0x00000006dae92c30,0x00000006dba80000)
 Metaspace       used 9936K, capacity 10118K, committed 10240K, reserved 1058816K
  class space    used 1118K, capacity 1191K, committed 1280K, reserved 1048576K
GC Heap History (10 events):
Event: 40.959 GC heap after
Heap after GC invocations=79 (full 4):
 PSYoungGen      total 1295360K, used 37472K [0x000000076af80000, 0x00000007bfe00000, 0x00000007c0000000)
  eden space 1211392K, 0% used [0x000000076af80000,0x000000076af80000,0x00000007b4e80000)
  from space 83968K, 44% used [0x00000007b4e80000,0x00000007b7318000,0x00000007ba080000)
  to   space 80384K, 0% used [0x00000007baf80000,0x00000007baf80000,0x00000007bfe00000)
 ParOldGen       total 438784K, used 364011K [0x00000006c0e00000, 0x00000006dba80000, 0x000000076af80000)
  object space 438784K, 82% used [0x00000006c0e00000,0x00000006d717ac30,0x00000006dba80000)
 Metaspace       used 9934K, capacity 10118K, committed 10240K, reserved 1058816K
  class space    used 1118K, capacity 1191K, committed 1280K, reserved 1048576K
}
Event: 41.606 GC heap before
{Heap before GC invocations=80 (full 4):
 PSYoungGen      total 1295360K, used 1248864K [0x000000076af80000, 0x00000007bfe00000, 0x00000007c0000000)
  eden space 1211392K, 100% used [0x000000076af80000,0x00000007b4e80000,0x00000007b4e80000)
  from space 83968K, 44% used [0x00000007b4e80000,0x00000007b7318000,0x00000007ba080000)
  to   space 80384K, 0% used [0x00000007baf80000,0x00000007baf80000,0x00000007bfe00000)
 ParOldGen       total 438784K, used 364011K [0x00000006c0e00000, 0x00000006dba80000, 0x000000076af80000)
  object space 438784K, 82% used [0x00000006c0e00000,0x00000006d717ac30,0x00000006dba80000)
 Metaspace       used 9934K, capacity 10118K, committed 10240K, reserved 1058816K
  class space    used 1118K, capacity 1191K, committed 1280K, reserved 1048576K
Event: 41.625 GC heap after
Heap after GC invocations=80 (full 4):
 PSYoungGen      total 1301504K, used 31616K [0x000000076af80000, 0x00000007bf680000, 0x00000007c0000000)
  eden space 1228800K, 0% used [0x000000076af80000,0x000000076af80000,0x00000007b5f80000)
  from space 72704K, 43% used [0x00000007baf80000,0x00000007bce60000,0x00000007bf680000)
  to   space 77312K, 0% used [0x00000007b5f80000,0x00000007b5f80000,0x00000007bab00000)
 ParOldGen       total 438784K, used 378355K [0x00000006c0e00000, 0x00000006dba80000, 0x000000076af80000)
  object space 438784K, 86% used [0x00000006c0e00000,0x00000006d7f7cc30,0x00000006dba80000)
 Metaspace       used 9934K, capacity 10118K, committed 10240K, reserved 1058816K
  class space    used 1118K, capacity 1191K, committed 1280K, reserved 1048576K
}
Event: 42.282 GC heap before
{Heap before GC invocations=81 (full 4):
 PSYoungGen      total 1301504K, used 1260416K [0x000000076af80000, 0x00000007bf680000, 0x00000007c0000000)
  eden space 1228800K, 100% used [0x000000076af80000,0x00000007b5f80000,0x00000007b5f80000)
  from space 72704K, 43% used [0x00000007baf80000,0x00000007bce60000,0x00000007bf680000)
  to   space 77312K, 0% used [0x00000007b5f80000,0x00000007b5f80000,0x00000007bab00000)
 ParOldGen       total 438784K, used 378355K [0x00000006c0e00000, 0x00000006dba80000, 0x000000076af80000)
  object space 438784K, 86% used [0x00000006c0e00000,0x00000006d7f7cc30,0x00000006dba80000)
 Metaspace       used 9934K, capacity 10118K, committed 10240K, reserved 1058816K
  class space    used 1118K, capacity 1191K, committed 1280K, reserved 1048576K
Event: 42.300 GC heap after
Heap after GC invocations=81 (full 4):
 PSYoungGen      total 1306112K, used 24544K [0x000000076af80000, 0x00000007c0000000, 0x00000007c0000000)
  eden space 1228800K, 0% used [0x000000076af80000,0x000000076af80000,0x00000007b5f80000)
  from space 77312K, 31% used [0x00000007b5f80000,0x00000007b7778000,0x00000007bab00000)
  to   space 75776K, 0% used [0x00000007bb600000,0x00000007bb600000,0x00000007c0000000)
 ParOldGen       total 438784K, used 394147K [0x00000006c0e00000, 0x00000006dba80000, 0x000000076af80000)
  object space 438784K, 89% used [0x00000006c0e00000,0x00000006d8ee8c30,0x00000006dba80000)
 Metaspace       used 9934K, capacity 10118K, committed 10240K, reserved 1058816K
  class space    used 1118K, capacity 1191K, committed 1280K, reserved 1048576K
}
Event: 42.899 GC heap before
{Heap before GC invocations=82 (full 4):
 PSYoungGen      total 1306112K, used 1253344K [0x000000076af80000, 0x00000007c0000000, 0x00000007c0000000)
  eden space 1228800K, 100% used [0x000000076af80000,0x00000007b5f80000,0x00000007b5f80000)
  from space 77312K, 31% used [0x00000007b5f80000,0x00000007b7778000,0x00000007bab00000)
  to   space 75776K, 0% used [0x00000007bb600000,0x00000007bb600000,0x00000007c0000000)
 ParOldGen       total 438784K, used 394147K [0x00000006c0e00000, 0x00000006dba80000, 0x000000076af80000)
  object space 438784K, 89% used [0x00000006c0e00000,0x00000006d8ee8c30,0x00000006dba80000)
 Metaspace       used 9936K, capacity 10118K, committed 10240K, reserved 1058816K
  class space    used 1118K, capacity 1191K, committed 1280K, reserved 1048576K
Event: 42.914 GC heap after
Heap after GC invocations=82 (full 4):
 PSYoungGen      total 1314304K, used 16576K [0x000000076af80000, 0x00000007bfe80000, 0x00000007c0000000)
  eden space 1240064K, 0% used [0x000000076af80000,0x000000076af80000,0x00000007b6a80000)
  from space 74240K, 22% used [0x00000007bb600000,0x00000007bc630000,0x00000007bfe80000)
  to   space 75776K, 0% used [0x00000007b6a80000,0x00000007b6a80000,0x00000007bb480000)
 ParOldGen       total 438784K, used 410075K [0x00000006c0e00000, 0x00000006dba80000, 0x000000076af80000)
  object space 438784K, 93% used [0x00000006c0e00000,0x00000006d9e76c30,0x00000006dba80000)
 Metaspace       used 9936K, capacity 10118K, committed 10240K, reserved 1058816K
  class space    used 1118K, capacity 1191K, committed 1280K, reserved 1048576K
}
Event: 43.588 GC heap before
{Heap before GC invocations=83 (full 4):
 PSYoungGen      total 1314304K, used 1256640K [0x000000076af80000, 0x00000007bfe80000, 0x00000007c0000000)
  eden space 1240064K, 100% used [0x000000076af80000,0x00000007b6a80000,0x00000007b6a80000)
  from space 74240K, 22% used [0x00000007bb600000,0x00000007bc630000,0x00000007bfe80000)
  to   space 75776K, 0% used [0x00000007b6a80000,0x00000007b6a80000,0x00000007bb480000)
 ParOldGen       total 438784K, used 410075K [0x00000006c0e00000, 0x00000006dba80000, 0x000000076af80000)
  object space 438784K, 93% used [0x00000006c0e00000,0x00000006d9e76c30,0x00000006dba80000)
 Metaspace       used 9936K, capacity 10118K, committed 10240K, reserved 1058816K
  class space    used 1118K, capacity 1191K, committed 1280K, reserved 1048576K
Event: 43.602 GC heap after
Heap after GC invocations=83 (full 4):
 PSYoungGen      total 1315840K, used 9248K [0x000000076af80000, 0x00000007c0000000, 0x00000007c0000000)
  eden space 1240064K, 0% used [0x000000076af80000,0x000000076af80000,0x00000007b6a80000)
  from space 75776K, 12% used [0x00000007b6a80000,0x00000007b7388000,0x00000007bb480000)
  to   space 75776K, 0% used [0x00000007bb600000,0x00000007bb600000,0x00000007c0000000)
 ParOldGen       total 438784K, used 426571K [0x00000006c0e00000, 0x00000006dba80000, 0x000000076af80000)
  object space 438784K, 97% used [0x00000006c0e00000,0x00000006dae92c30,0x00000006dba80000)
 Metaspace       used 9936K, capacity 10118K, committed 10240K, reserved 1058816K
  class space    used 1118K, capacity 1191K, committed 1280K, reserved 1048576K
}
Event: 43.602 GC heap before
{Heap before GC invocations=84 (full 5):
 PSYoungGen      total 1315840K, used 9248K [0x000000076af80000, 0x00000007c0000000, 0x00000007c0000000)
  eden space 1240064K, 0% used [0x000000076af80000,0x000000076af80000,0x00000007b6a80000)
  from space 75776K, 12% used [0x00000007b6a80000,0x00000007b7388000,0x00000007bb480000)
  to   space 75776K, 0% used [0x00000007bb600000,0x00000007bb600000,0x00000007c0000000)
 ParOldGen       total 438784K, used 426571K [0x00000006c0e00000, 0x00000006dba80000, 0x000000076af80000)
  object space 438784K, 97% used [0x00000006c0e00000,0x00000006dae92c30,0x00000006dba80000)
 Metaspace       used 9936K, capacity 10118K, committed 10240K, reserved 1058816K
  class space    used 1118K, capacity 1191K, committed 1280K, reserved 1048576K

